ManagerFile/proguard/seeds.txt
org.apache.tools.ant.taskdefs.optional.vss.MSVSS
org.apache.tools.ant.taskdefs.optional.vss.MSVSS: java.lang.String ssDir
org.apache.tools.ant.taskdefs.optional.vss.MSVSS: java.lang.String vssLogin
org.apache.tools.ant.taskdefs.optional.vss.MSVSS: java.lang.String vssPath
org.apache.tools.ant.taskdefs.optional.vss.MSVSS: java.lang.String serverPath
org.apache.tools.ant.taskdefs.optional.vss.MSVSS: java.lang.String version
org.apache.tools.ant.taskdefs.optional.vss.MSVSS: java.lang.String date
org.apache.tools.ant.taskdefs.optional.vss.MSVSS: java.lang.String label
org.apache.tools.ant.taskdefs.optional.vss.MSVSS: java.lang.String autoResponse
org.apache.tools.ant.taskdefs.optional.vss.MSVSS: java.lang.String localPath
org.apache.tools.ant.taskdefs.optional.vss.MSVSS: java.lang.String comment
org.apache.tools.ant.taskdefs.optional.vss.MSVSS: java.lang.String fromLabel
org.apache.tools.ant.taskdefs.optional.vss.MSVSS: java.lang.String toLabel
org.apache.tools.ant.taskdefs.optional.vss.MSVSS: java.lang.String outputFileName
org.apache.tools.ant.taskdefs.optional.vss.MSVSS: java.lang.String user
org.apache.tools.ant.taskdefs.optional.vss.MSVSS: java.lang.String fromDate
org.apache.tools.ant.taskdefs.optional.vss.MSVSS: java.lang.String toDate
org.apache.tools.ant.taskdefs.optional.vss.MSVSS: java.lang.String style
org.apache.tools.ant.taskdefs.optional.vss.MSVSS: boolean quiet
org.apache.tools.ant.taskdefs.optional.vss.MSVSS: boolean recursive
org.apache.tools.ant.taskdefs.optional.vss.MSVSS$CurrentModUpdated
org.apache.tools.ant.taskdefs.optional.vss.MSVSS$CurrentModUpdated: MSVSS$CurrentModUpdated()
org.apache.tools.ant.taskdefs.optional.vss.MSVSS$CurrentModUpdated: java.lang.String[] getValues()
org.apache.tools.ant.taskdefs.optional.vss.MSVSS$WritableFiles
org.apache.tools.ant.taskdefs.optional.vss.MSVSS$WritableFiles: MSVSS$WritableFiles()
org.apache.tools.ant.taskdefs.optional.vss.MSVSS$WritableFiles: java.lang.String[] getValues()
org.apache.tools.ant.taskdefs.optional.vss.MSVSSADD
org.apache.tools.ant.taskdefs.optional.vss.MSVSSADD: java.lang.String localPath
org.apache.tools.ant.taskdefs.optional.vss.MSVSSADD: MSVSSADD()
org.apache.tools.ant.taskdefs.optional.vss.MSVSSADD: org.apache.tools.ant.types.Commandline buildCmdLine()
org.apache.tools.ant.taskdefs.optional.vss.MSVSSADD: java.lang.String getLocalpath()
org.apache.tools.ant.taskdefs.optional.vss.MSVSSADD: void setRecursive(boolean)
org.apache.tools.ant.taskdefs.optional.vss.MSVSSADD: void setWritable(boolean)
org.apache.tools.ant.taskdefs.optional.vss.MSVSSADD: void setAutoresponse(java.lang.String)
org.apache.tools.ant.taskdefs.optional.vss.MSVSSADD: void setComment(java.lang.String)
org.apache.tools.ant.taskdefs.optional.vss.MSVSSADD: void setLocalpath(org.apache.tools.ant.types.Path)
org.apache.tools.ant.taskdefs.optional.vss.MSVSSCHECKIN
org.apache.tools.ant.taskdefs.optional.vss.MSVSSCHECKIN: MSVSSCHECKIN()
org.apache.tools.ant.taskdefs.optional.vss.MSVSSCHECKIN: org.apache.tools.ant.types.Commandline buildCmdLine()
org.apache.tools.ant.taskdefs.optional.vss.MSVSSCHECKIN: void setLocalpath(org.apache.tools.ant.types.Path)
org.apache.tools.ant.taskdefs.optional.vss.MSVSSCHECKIN: void setRecursive(boolean)
org.apache.tools.ant.taskdefs.optional.vss.MSVSSCHECKIN: void setWritable(boolean)
org.apache.tools.ant.taskdefs.optional.vss.MSVSSCHECKIN: void setAutoresponse(java.lang.String)
org.apache.tools.ant.taskdefs.optional.vss.MSVSSCHECKIN: void setComment(java.lang.String)