ManagerFile/proguard/mapping.txt
org.apache.tools.ant.attribute.IfTrueAttribute -> org.apache.tools.ant.attribute.IfTrueAttribute:
    boolean isEnabled(org.apache.tools.ant.UnknownElement,java.lang.String) -> isEnabled
org.apache.tools.ant.attribute.IfTrueAttribute$Unless -> org.apache.tools.ant.attribute.IfTrueAttribute$Unless:
org.apache.tools.ant.dispatch.DispatchTask -> org.apache.tools.ant.dispatch.DispatchTask:
    java.lang.String action -> action
    java.lang.String getActionParameterName() -> getActionParameterName
    void setAction(java.lang.String) -> setAction
    java.lang.String getAction() -> getAction
org.apache.tools.ant.dispatch.DispatchUtils -> org.apache.tools.ant.dispatch.DispatchUtils:
    void execute(java.lang.Object) -> execute
org.apache.tools.ant.dispatch.Dispatchable -> org.apache.tools.ant.dispatch.Dispatchable:
    java.lang.String getActionParameterName() -> getActionParameterName
org.apache.tools.ant.filters.BaseFilterReader -> org.apache.tools.ant.filters.BaseFilterReader:
    int BUFFER_SIZE -> BUFFER_SIZE
    boolean initialized -> initialized
    org.apache.tools.ant.Project project -> project
    int read(char[],int,int) -> read
    long skip(long) -> skip
    void setInitialized(boolean) -> setInitialized
    boolean getInitialized() -> getInitialized
    void setProject(org.apache.tools.ant.Project) -> setProject
    org.apache.tools.ant.Project getProject() -> getProject
    java.lang.String readLine() -> readLine
    java.lang.String readFully() -> readFully
org.apache.tools.ant.filters.BaseParamFilterReader -> org.apache.tools.ant.filters.BaseParamFilterReader:
    org.apache.tools.ant.types.Parameter[] parameters -> parameters
    void setParameters(org.apache.tools.ant.types.Parameter[]) -> setParameters
    org.apache.tools.ant.types.Parameter[] getParameters() -> getParameters
org.apache.tools.ant.filters.ChainableReader -> org.apache.tools.ant.filters.ChainableReader:
    java.io.Reader chain(java.io.Reader) -> chain
org.apache.tools.ant.filters.ClassConstants -> org.apache.tools.ant.filters.ClassConstants:
    java.lang.String queuedData -> queuedData
    java.lang.String JAVA_CLASS_HELPER -> JAVA_CLASS_HELPER
    int read() -> read
    java.io.Reader chain(java.io.Reader) -> chain
org.apache.tools.ant.filters.ConcatFilter -> org.apache.tools.ant.filters.ConcatFilter:
    java.io.File prepend -> prepend
    java.io.File append -> append
    java.io.Reader prependReader -> prependReader
    java.io.Reader appendReader -> appendReader
    int read() -> read
    void setPrepend(java.io.File) -> setPrepend
    java.io.File getPrepend() -> getPrepend
    void setAppend(java.io.File) -> setAppend
    java.io.File getAppend() -> getAppend
    java.io.Reader chain(java.io.Reader) -> chain
    void initialize() -> initialize
org.apache.tools.ant.filters.EscapeUnicode -> org.apache.tools.ant.filters.EscapeUnicode:
    java.lang.StringBuffer unicodeBuf -> unicodeBuf
    int read() -> read
    java.io.Reader chain(java.io.Reader) -> chain
    void initialize() -> initialize
org.apache.tools.ant.filters.ExpandProperties -> org.apache.tools.ant.filters.ExpandProperties:
    int EOF -> EOF
    char[] buffer -> buffer
    int index -> index
    org.apache.tools.ant.types.PropertySet propertySet -> propertySet
    void add(org.apache.tools.ant.types.PropertySet) -> add
    int read() -> read
    java.io.Reader chain(java.io.Reader) -> chain
org.apache.tools.ant.filters.ExpandProperties$1 -> org.apache.tools.ant.filters.ExpandProperties$1:
    java.util.Properties val$props -> val$props
    org.apache.tools.ant.filters.ExpandProperties this$0 -> this$0
    java.lang.Object getProperty(java.lang.String) -> getProperty