ManagerFile/proguard/usage.txt
org.swift.ftp.CmdCDUP:
    protected java.lang.String input
org.swift.ftp.CmdFEAT:
    public static final java.lang.String message
org.swift.ftp.CmdLIST:
    public static final long MS_IN_SIX_MONTHS
org.swift.ftp.CmdMap
org.swift.ftp.CmdNLST:
    public static final long MS_IN_SIX_MONTHS
org.swift.ftp.CmdNOOP:
    public static final java.lang.String message
org.swift.ftp.CmdOPTS:
    public static final java.lang.String message
org.swift.ftp.CmdQUIT:
    public static final java.lang.String message
org.swift.ftp.CmdRMD:
    public static final java.lang.String message
org.swift.ftp.CmdSYST:
    public static final java.lang.String response
org.swift.ftp.CmdTemplate
org.swift.ftp.DataSocketFactory:
    public abstract java.net.InetAddress getPasvIp()
org.swift.ftp.Defaults:
    public static final int tcpConnectionBacklog
    public static final boolean acceptWifi
    public static final boolean acceptNet
    public static final boolean stayAwake
    public static final int REMOTE_PROXY_PORT
    public static final java.lang.String STRING_ENCODING
    public static final int SO_TIMEOUT_MS
    public static final java.lang.String SESSION_ENCODING
    public static final boolean release
    public static final boolean do_mediascanner_notify
    27:27:public Defaults()
    75:75:public static int getPortNumber()
    79:80:public static void setPortNumber(int)
    87:88:public static void setSettingsName(java.lang.String)
    95:96:public static void setSettingsMode(int)
    99:100:public static void setServerLogScrollBack(int)
    109:110:public static void setUiLogLevel(int)
    117:118:public static void setInputBufferSize(int)
    125:126:public static void setDataChunkSize(int)
    129:129:public static int getSessionMonitorScrollBack()
    135:136:public static void setSessionMonitorScrollBack(int)
    143:144:public static void setLogScrollBack(int)
    151:152:public static void setConsoleLogLevel(int)
org.swift.ftp.Globals:
    26:26:public Globals()
    57:57:public static java.lang.String getLastError()
    75:75:public static java.lang.String getUsername()
    79:80:public static void setUsername(java.lang.String)
org.swift.ftp.NormalDataSocketFactory:
    152:157:public int getPortNumber()
    164:164:public java.net.InetAddress getPasvIp()
org.swift.ftp.ProxyConnector:
    public static final int IN_BUF_SIZE
    public static final java.lang.String ENCODING
    public static final int RESPONSE_WAIT_MS
    public static final int QUEUE_WAIT_MS
    public static final long UPDATE_USAGE_BYTES
    public static final java.lang.String PREFERRED_SERVER
    public static final int CONNECT_TIMEOUT
    static final java.lang.String USAGE_PREFS_NAME
    447:533:private org.json.JSONObject sendCmdSocketRequest(org.json.JSONObject)
    665:670:public java.net.InetAddress getProxyIp()
    735:735:public long getProxyUsage()
    748:748:public org.swift.ftp.ProxyConnector$State getProxyState()
    773:773:public static java.lang.String stateToString(org.swift.ftp.ProxyConnector$State)
    780:786:public java.lang.String getURL()
    793:793:public java.lang.String getProxyMessage()
org.swift.ftp.ProxyDataSocketFactory:
    72:76:public java.net.InetAddress getPasvIp()
org.swift.ftp.ProxyDataSocketInfo:
    33:34:public void setSocket(java.net.Socket)
    46:47:public void setRemotePublicPort(int)
org.swift.ftp.QuotaStats
org.swift.ftp.SessionThread:
    247:247:protected java.net.InetAddress getLocalAddress()
    284:289:public static boolean compareLen(byte[],byte[],int)
    329:329:protected java.net.Socket getSocket()
    333:333:public org.swift.ftp.Account getAccount()
    337:338:public void setAccount(org.swift.ftp.Account)
    341:341:public boolean isPasvMode()
    357:357:public static java.nio.ByteBuffer stringToBB(java.lang.String)
    415:415:public java.net.Socket getDataSocket()
    419:420:public void setDataSocket(java.net.Socket)
    435:435:public java.lang.String getEncoding()
org.swift.ftp.Settings